# JRE version: Java(TM) SE Runtime Environment (8.0_171-b11) (build 1.8.0_171-b11)
# Java VM: Java HotSpot(TM) 64-Bit Server VM (25.171-b11 mixed mode windows-amd64 compressed oops)
Heap:
 garbage-first heap   total 262144K, used 99327K [0x00000000c0000000, 0x00000000c0100800, 0x0000000100000000)
  region size 1024K, 44 young (45056K), 5 survivors (5120K)
 Metaspace       used 60583K, capacity 68502K, committed 68808K, reserved 1107968K
  class space    used 7247K, capacity 9322K, committed 9420K, reserved 1048576K
GC Heap History (10 events):
Event: 10.133 GC heap before
{Heap before GC invocations=5 (full 0):
 garbage-first heap   total 262144K, used 46592K [0x00000000c0000000, 0x00000000c0100800, 0x0000000100000000)
  region size 1024K, 20 young (20480K), 5 survivors (5120K)
 Metaspace       used 19310K, capacity 21134K, committed 21296K, reserved 1069056K
  class space    used 2024K, capacity 2578K, committed 2688K, reserved 1048576K
Event: 10.154 GC heap after
Heap after GC invocations=6 (full 0):
 garbage-first heap   total 262144K, used 36864K [0x00000000c0000000, 0x00000000c0100800, 0x0000000100000000)
  region size 1024K, 10 young (10240K), 10 survivors (10240K)
 Metaspace       used 19310K, capacity 21134K, committed 21296K, reserved 1069056K
  class space    used 2024K, capacity 2578K, committed 2688K, reserved 1048576K
}
Event: 20.359 GC heap before
{Heap before GC invocations=7 (full 0):
 garbage-first heap   total 262144K, used 79359K [0x00000000c0000000, 0x00000000c0100800, 0x0000000100000000)
  region size 1024K, 57 young (58368K), 10 survivors (10240K)
 Metaspace       used 32524K, capacity 35868K, committed 36048K, reserved 1081344K
  class space    used 3943K, capacity 4866K, committed 4992K, reserved 1048576K
Event: 20.425 GC heap after
Heap after GC invocations=8 (full 0):
 garbage-first heap   total 262144K, used 44304K [0x00000000c0000000, 0x00000000c0100800, 0x0000000100000000)
  region size 1024K, 20 young (20480K), 20 survivors (20480K)
 Metaspace       used 32524K, capacity 35868K, committed 36048K, reserved 1081344K
  class space    used 3943K, capacity 4866K, committed 4992K, reserved 1048576K
}
Event: 49.151 GC heap before
{Heap before GC invocations=9 (full 0):
 garbage-first heap   total 262144K, used 180496K [0x00000000c0000000, 0x00000000c0100800, 0x0000000100000000)
  region size 1024K, 153 young (156672K), 20 survivors (20480K)
 Metaspace       used 49392K, capacity 55928K, committed 56060K, reserved 1097728K
  class space    used 6070K, capacity 7915K, committed 7936K, reserved 1048576K
Event: 49.271 GC heap after
Heap after GC invocations=10 (full 0):
 garbage-first heap   total 262144K, used 69446K [0x00000000c0000000, 0x00000000c0100800, 0x0000000100000000)
  region size 1024K, 20 young (20480K), 20 survivors (20480K)
 Metaspace       used 49392K, capacity 55928K, committed 56060K, reserved 1097728K
  class space    used 6070K, capacity 7915K, committed 7936K, reserved 1048576K
}
Event: 53.083 GC heap before
{Heap before GC invocations=10 (full 0):
 garbage-first heap   total 262144K, used 81734K [0x00000000c0000000, 0x00000000c0100800, 0x0000000100000000)
  region size 1024K, 32 young (32768K), 20 survivors (20480K)
 Metaspace       used 50565K, capacity 57164K, committed 57340K, reserved 1097728K
  class space    used 6235K, capacity 8121K, committed 8192K, reserved 1048576K
Event: 53.152 GC heap after
Heap after GC invocations=11 (full 0):
 garbage-first heap   total 262144K, used 73727K [0x00000000c0000000, 0x00000000c0100800, 0x0000000100000000)
  region size 1024K, 3 young (3072K), 3 survivors (3072K)
 Metaspace       used 50565K, capacity 57164K, committed 57340K, reserved 1097728K
  class space    used 6235K, capacity 8121K, committed 8192K, reserved 1048576K
}
Event: 55.662 GC heap before
{Heap before GC invocations=11 (full 0):
 garbage-first heap   total 262144K, used 84991K [0x00000000c0000000, 0x00000000c0100800, 0x0000000100000000)
  region size 1024K, 15 young (15360K), 3 survivors (3072K)
 Metaspace       used 53762K, capacity 60602K, committed 60636K, reserved 1101824K
  class space    used 6558K, capacity 8438K, committed 8448K, reserved 1048576K
Event: 55.678 GC heap after
Heap after GC invocations=12 (full 0):
 garbage-first heap   total 262144K, used 75775K [0x00000000c0000000, 0x00000000c0100800, 0x0000000100000000)
  region size 1024K, 5 young (5120K), 5 survivors (5120K)
 Metaspace       used 53762K, capacity 60602K, committed 60636K, reserved 1101824K
  class space    used 6558K, capacity 8438K, committed 8448K, reserved 1048576K
}

